2025-06-13T08:12:35.975372962-06:00 INFO kanata-tray config folder: /home/isv/repos/keyboards/kanata/kanata-tray
2025-06-13T08:12:35.976136036-06:00 INFO loading status icon: /home/isv/repos/keyboards/kanata/kanata-tray/status_icons/default.ico
2025-06-13T08:12:35.976183652-06:00 INFO loading status icon: /home/isv/repos/keyboards/kanata/kanata-tray/status_icons/crash.ico
2025-06-13T08:12:35.976261033-06:00 INFO loading status icon: /home/isv/repos/keyboards/kanata/kanata-tray/status_icons/pause.ico
2025-06-13T08:12:35.9763616-06:00 INFO loading status icon: /home/isv/repos/keyboards/kanata/kanata-tray/status_icons/live-reload.ico
2025-06-13T08:12:36.025569997-06:00 INFO Running preset 'Main Preset'
2025-06-13T08:12:36.025809984-06:00 INFO Running command: ./kanata -c=../kanata.kbd --port 5829
2025-06-13T08:12:36.026189339-06:00 INFO Started kanata (pid=860101)
2025-06-13T08:12:38.529738276-06:00 INFO Connected to kanata via TCP (127.0.0.1:46786)
2025-06-13T08:12:38.530413453-06:00 INFO Setting icon: preset:*, layer:base
2025-06-13T08:12:38.531026743-06:00 WARN Layer 'numbers' is mapped to an icon, but doesn't exist in the loaded kanata config
2025-06-13T08:12:38.531067724-06:00 WARN Layer 'mayus' is mapped to an icon, but doesn't exist in the loaded kanata config
2025-06-13T08:12:38.531089521-06:00 WARN Layer 'qwerty' is mapped to an icon, but doesn't exist in the loaded kanata config
2025-06-13T08:12:38.531110717-06:00 WARN Layer 'mouse-fast' is mapped to an icon, but doesn't exist in the loaded kanata config
2025-06-13T08:12:38.531132885-06:00 WARN Layer 'mouse' is mapped to an icon, but doesn't exist in the loaded kanata config
2025-06-13T08:13:16.870226151-06:00 INFO Setting icon: preset:*, layer:arrows
2025-06-13T08:13:17.670505958-06:00 INFO Setting icon: preset:*, layer:base
2025-06-13T08:13:19.216097194-06:00 INFO Setting icon: preset:*, layer:arrows
2025-06-13T08:13:19.421355192-06:00 INFO Setting icon: preset:*, layer:base
2025-06-13T08:13:19.903973499-06:00 INFO Setting icon: preset:*, layer:arrows
2025-06-13T08:13:20.279758169-06:00 INFO Setting icon: preset:*, layer:base
2025-06-13T08:13:20.696639495-06:00 INFO Setting icon: preset:*, layer:mouse
2025-06-13T08:13:20.697400363-06:00 INFO Setting icon: preset:*, layer:mouse-fast
2025-06-13T08:13:21.264647303-06:00 INFO Setting icon: preset:*, layer:mouse
2025-06-13T08:13:22.886537286-06:00 INFO Setting icon: preset:*, layer:base
2025-06-13T08:13:24.092276408-06:00 INFO Setting icon: preset:*, layer:mouse
2025-06-13T08:13:24.465776915-06:00 INFO Setting icon: preset:*, layer:base
2025-06-13T08:13:33.131903692-06:00 INFO Setting icon: preset:*, layer:symbols
2025-06-13T08:13:33.482239114-06:00 INFO Setting icon: preset:*, layer:base
2025-06-13T08:13:38.533623431-06:00 INFO Setting icon: preset:*, layer:arrows
2025-06-13T08:13:39.414014924-06:00 INFO Setting icon: preset:*, layer:base
2025-06-13T08:14:01.752305459-06:00 INFO Setting icon: preset:*, layer:arrows
2025-06-13T08:14:01.876849762-06:00 INFO Setting icon: preset:*, layer:base
2025-06-13T08:14:43.423485858-06:00 INFO Setting icon: preset:*, layer:symbols
2025-06-13T08:14:43.686032017-06:00 INFO Setting icon: preset:*, layer:base
2025-06-13T08:14:47.038719014-06:00 INFO Setting icon: preset:*, layer:numbers
2025-06-13T08:14:47.378587259-06:00 INFO Setting icon: preset:*, layer:base
2025-06-13T08:15:02.486982141-06:00 INFO Setting icon: preset:*, layer:arrows
2025-06-13T08:15:05.48473939-06:00 INFO Setting icon: preset:*, layer:base
2025-06-13T08:15:20.077966722-06:00 INFO Setting icon: preset:*, layer:numbers
2025-06-13T08:15:20.20782539-06:00 INFO Setting icon: preset:*, layer:base
2025-06-13T08:15:44.326226994-06:00 INFO Setting icon: preset:*, layer:symbols
2025-06-13T08:15:44.442733204-06:00 INFO Setting icon: preset:*, layer:base
2025-06-13T08:15:48.239988474-06:00 INFO Setting icon: preset:*, layer:symbols
2025-06-13T08:15:48.359350734-06:00 INFO Setting icon: preset:*, layer:base
2025-06-13T08:15:50.556244003-06:00 INFO Setting icon: preset:*, layer:arrows
2025-06-13T08:15:50.638259069-06:00 INFO Setting icon: preset:*, layer:base
2025-06-13T08:16:07.670051907-06:00 INFO Setting icon: preset:*, layer:symbols
2025-06-13T08:16:07.939362106-06:00 INFO Setting icon: preset:*, layer:base
2025-06-13T08:16:08.616104392-06:00 INFO Setting icon: preset:*, layer:numbers
2025-06-13T08:16:08.803613333-06:00 INFO Setting icon: preset:*, layer:base
2025-06-13T08:16:10.922414562-06:00 INFO Setting icon: preset:*, layer:numbers
2025-06-13T08:16:11.161738188-06:00 INFO Setting icon: preset:*, layer:base
2025-06-13T08:16:16.629952232-06:00 INFO Setting icon: preset:*, layer:numbers
2025-06-13T08:16:16.804142273-06:00 INFO Setting icon: preset:*, layer:base
2025-06-13T08:16:20.392281622-06:00 INFO Setting icon: preset:*, layer:numbers
2025-06-13T08:16:20.526969808-06:00 INFO Setting icon: preset:*, layer:base
2025-06-13T08:16:30.532828521-06:00 INFO Setting icon: preset:*, layer:numbers
2025-06-13T08:16:30.647107566-06:00 INFO Setting icon: preset:*, layer:base
2025-06-13T08:16:33.371366595-06:00 INFO Setting icon: preset:*, layer:numbers
2025-06-13T08:16:33.625877462-06:00 INFO Setting icon: preset:*, layer:base
2025-06-13T08:16:57.619719497-06:00 INFO Setting icon: preset:*, layer:f-layer
2025-06-13T08:16:58.349949127-06:00 INFO Setting icon: preset:*, layer:base
2025-06-13T08:16:58.774852626-06:00 INFO Setting icon: preset:*, layer:f-layer
2025-06-13T08:16:59.453478085-06:00 INFO Setting icon: preset:*, layer:base
2025-06-13T08:17:00.243787209-06:00 INFO Setting icon: preset:*, layer:f-layer
2025-06-13T08:17:00.955162956-06:00 INFO Setting icon: preset:*, layer:base
2025-06-13T08:17:01.376358087-06:00 INFO Setting icon: preset:*, layer:f-layer
2025-06-13T08:17:01.725741022-06:00 INFO Setting icon: preset:*, layer:base
2025-06-13T08:17:27.388908287-06:00 INFO Setting icon: preset:*, layer:numbers
2025-06-13T08:17:34.864312688-06:00 INFO Setting icon: preset:*, layer:base
2025-06-13T08:18:02.102419209-06:00 INFO Setting icon: preset:*, layer:numbers
2025-06-13T08:18:02.2498288-06:00 INFO Setting icon: preset:*, layer:base
2025-06-13T08:18:09.159963232-06:00 INFO Setting icon: preset:*, layer:symbols
2025-06-13T08:18:09.381544995-06:00 INFO Setting icon: preset:*, layer:base
2025-06-13T08:18:10.561969453-06:00 INFO Setting icon: preset:*, layer:symbols
2025-06-13T08:18:10.710173313-06:00 INFO Setting icon: preset:*, layer:base
2025-06-13T08:18:13.233914228-06:00 INFO Setting icon: preset:*, layer:symbols
2025-06-13T08:18:13.684737439-06:00 INFO Setting icon: preset:*, layer:base
2025-06-13T08:18:25.761904534-06:00 INFO Setting icon: preset:*, layer:numbers
2025-06-13T08:18:26.006514995-06:00 INFO Setting icon: preset:*, layer:base
2025-06-13T08:18:30.654440372-06:00 INFO Setting icon: preset:*, layer:numbers
2025-06-13T08:18:30.997686016-06:00 INFO Setting icon: preset:*, layer:base
2025-06-13T08:18:35.532760878-06:00 INFO Setting icon: preset:*, layer:numbers
2025-06-13T08:18:35.66322308-06:00 INFO Setting icon: preset:*, layer:base
2025-06-13T08:18:42.459952118-06:00 INFO Setting icon: preset:*, layer:numbers
2025-06-13T08:18:43.491710046-06:00 INFO Setting icon: preset:*, layer:base
2025-06-13T08:18:51.078827832-06:00 INFO Setting icon: preset:*, layer:numbers
2025-06-13T08:18:51.410173584-06:00 INFO Setting icon: preset:*, layer:base
2025-06-13T08:19:06.000431079-06:00 INFO Setting icon: preset:*, layer:numbers
2025-06-13T08:19:06.360039703-06:00 INFO Setting icon: preset:*, layer:base
2025-06-13T08:19:11.913647541-06:00 INFO Setting icon: preset:*, layer:numbers
2025-06-13T08:19:12.083508302-06:00 INFO Setting icon: preset:*, layer:base
2025-06-13T08:19:16.809944595-06:00 INFO Setting icon: preset:*, layer:numbers
2025-06-13T08:19:17.525492473-06:00 INFO Setting icon: preset:*, layer:base
2025-06-13T08:19:43.415624689-06:00 INFO Setting icon: preset:*, layer:numbers
2025-06-13T08:19:44.101880914-06:00 INFO Setting icon: preset:*, layer:base
2025-06-13T08:19:45.788760297-06:00 INFO Setting icon: preset:*, layer:numbers
2025-06-13T08:19:45.95351461-06:00 INFO Setting icon: preset:*, layer:base
2025-06-13T08:19:46.720525762-06:00 INFO Setting icon: preset:*, layer:numbers
2025-06-13T08:19:46.869827467-06:00 INFO Setting icon: preset:*, layer:base
2025-06-13T08:19:47.809121032-06:00 INFO Setting icon: preset:*, layer:numbers
2025-06-13T08:19:47.932905364-06:00 INFO Setting icon: preset:*, layer:base
2025-06-13T08:19:56.415633016-06:00 INFO Setting icon: preset:*, layer:symbols
2025-06-13T08:19:56.483791719-06:00 INFO Setting icon: preset:*, layer:base
2025-06-13T08:20:01.875257454-06:00 INFO Setting icon: preset:*, layer:symbols
2025-06-13T08:20:01.973039638-06:00 INFO Setting icon: preset:*, layer:base
2025-06-13T08:20:05.123181582-06:00 INFO Setting icon: preset:*, layer:symbols
2025-06-13T08:20:05.129277369-06:00 INFO Setting icon: preset:*, layer:base
2025-06-13T08:20:07.114023115-06:00 INFO Setting icon: preset:*, layer:symbols
2025-06-13T08:20:07.173852101-06:00 INFO Setting icon: preset:*, layer:base
2025-06-13T08:20:11.211298562-06:00 INFO Setting icon: preset:*, layer:numbers
2025-06-13T08:20:11.487072976-06:00 INFO Setting icon: preset:*, layer:base
2025-06-13T08:20:12.339757485-06:00 INFO Setting icon: preset:*, layer:numbers
2025-06-13T08:20:12.453747669-06:00 INFO Setting icon: preset:*, layer:base
2025-06-13T08:20:13.13007908-06:00 INFO Setting icon: preset:*, layer:numbers
2025-06-13T08:20:13.21920916-06:00 INFO Setting icon: preset:*, layer:base
2025-06-13T08:20:13.86796905-06:00 INFO Setting icon: preset:*, layer:numbers
2025-06-13T08:20:13.983329223-06:00 INFO Setting icon: preset:*, layer:base
2025-06-13T08:20:14.6241278-06:00 INFO Setting icon: preset:*, layer:numbers
2025-06-13T08:20:14.748741865-06:00 INFO Setting icon: preset:*, layer:base
2025-06-13T08:20:16.507940297-06:00 INFO Setting icon: preset:*, layer:numbers
2025-06-13T08:20:16.767263253-06:00 INFO Setting icon: preset:*, layer:base
2025-06-13T08:20:25.596483935-06:00 INFO Setting icon: preset:*, layer:numbers
2025-06-13T08:20:26.912493522-06:00 INFO Setting icon: preset:*, layer:base
2025-06-13T08:20:38.278706706-06:00 INFO Setting icon: preset:*, layer:numbers
2025-06-13T08:20:39.025529485-06:00 INFO Setting icon: preset:*, layer:base
2025-06-13T08:20:40.97626526-06:00 INFO Setting icon: preset:*, layer:numbers
2025-06-13T08:20:41.896522334-06:00 INFO Setting icon: preset:*, layer:base
2025-06-13T08:20:44.130353912-06:00 INFO Setting icon: preset:*, layer:numbers
2025-06-13T08:20:44.404679913-06:00 INFO Setting icon: preset:*, layer:base
2025-06-13T08:20:48.705594603-06:00 INFO Setting icon: preset:*, layer:numbers
2025-06-13T08:20:49.059545751-06:00 INFO Setting icon: preset:*, layer:base
2025-06-13T08:21:16.171983161-06:00 INFO Setting icon: preset:*, layer:numbers
2025-06-13T08:21:16.919833629-06:00 INFO Setting icon: preset:*, layer:base
2025-06-13T08:21:29.504568954-06:00 INFO Setting icon: preset:*, layer:symbols
2025-06-13T08:21:29.684084242-06:00 INFO Setting icon: preset:*, layer:base
2025-06-13T08:21:59.231246759-06:00 INFO Setting icon: preset:*, layer:arrows
2025-06-13T08:21:59.417974436-06:00 INFO Setting icon: preset:*, layer:base
2025-06-13T08:21:59.781637224-06:00 INFO Setting icon: preset:*, layer:arrows
2025-06-13T08:21:59.873253268-06:00 INFO Setting icon: preset:*, layer:base
2025-06-13T08:22:07.418842382-06:00 INFO Setting icon: preset:*, layer:symbols
2025-06-13T08:22:07.551354699-06:00 INFO Setting icon: preset:*, layer:base
2025-06-13T08:22:09.653388656-06:00 INFO Setting icon: preset:*, layer:numbers
2025-06-13T08:22:09.944980511-06:00 INFO Setting icon: preset:*, layer:base
2025-06-13T08:22:11.693294757-06:00 INFO Setting icon: preset:*, layer:symbols
2025-06-13T08:22:11.847068781-06:00 INFO Setting icon: preset:*, layer:base
2025-06-13T08:22:13.726931829-06:00 INFO Setting icon: preset:*, layer:numbers
2025-06-13T08:22:13.996812824-06:00 INFO Setting icon: preset:*, layer:base
2025-06-13T08:22:20.626175148-06:00 INFO Setting icon: preset:*, layer:numbers
2025-06-13T08:22:20.827705201-06:00 INFO Setting icon: preset:*, layer:base
2025-06-13T08:22:22.649134901-06:00 INFO Setting icon: preset:*, layer:symbols
2025-06-13T08:22:22.853845893-06:00 INFO Setting icon: preset:*, layer:base
2025-06-13T08:22:24.446497919-06:00 INFO Setting icon: preset:*, layer:numbers
2025-06-13T08:22:24.605737493-06:00 INFO Setting icon: preset:*, layer:base
2025-06-13T08:22:59.223409628-06:00 INFO Setting icon: preset:*, layer:symbols
2025-06-13T08:22:59.444201621-06:00 INFO Setting icon: preset:*, layer:base
2025-06-13T08:23:08.450138305-06:00 INFO Setting icon: preset:*, layer:symbols
2025-06-13T08:23:08.572849822-06:00 INFO Setting icon: preset:*, layer:base
2025-06-13T08:23:11.094718748-06:00 INFO Setting icon: preset:*, layer:arrows
2025-06-13T08:23:11.217622609-06:00 INFO Setting icon: preset:*, layer:base
2025-06-13T08:23:36.82437811-06:00 INFO Setting icon: preset:*, layer:mouse
2025-06-13T08:23:36.825435505-06:00 INFO Setting icon: preset:*, layer:mouse-fast
2025-06-13T08:23:37.365809148-06:00 INFO Setting icon: preset:*, layer:mouse
2025-06-13T08:23:37.546593875-06:00 INFO Setting icon: preset:*, layer:mouse-fast
2025-06-13T08:23:37.813694686-06:00 INFO Setting icon: preset:*, layer:mouse
2025-06-13T08:23:38.233267448-06:00 INFO Setting icon: preset:*, layer:mouse-scroll
2025-06-13T08:23:39.033447777-06:00 INFO Setting icon: preset:*, layer:mouse
2025-06-13T08:23:41.569910443-06:00 INFO Setting icon: preset:*, layer:mouse-fast
2025-06-13T08:23:41.727344769-06:00 INFO Setting icon: preset:*, layer:mouse
2025-06-13T08:23:43.559782786-06:00 INFO Setting icon: preset:*, layer:base
2025-06-13T08:23:47.235833044-06:00 INFO Setting icon: preset:*, layer:numbers
2025-06-13T08:23:47.442661599-06:00 INFO Setting icon: preset:*, layer:base
2025-06-13T08:24:12.235482827-06:00 INFO Setting icon: preset:*, layer:symbols
2025-06-13T08:24:12.354746948-06:00 INFO Setting icon: preset:*, layer:base
2025-06-13T08:24:13.149656897-06:00 INFO Setting icon: preset:*, layer:numbers
2025-06-13T08:24:13.42393301-06:00 INFO Setting icon: preset:*, layer:base
2025-06-13T08:24:19.606934023-06:00 INFO Setting icon: preset:*, layer:symbols
2025-06-13T08:24:20.016801597-06:00 INFO Setting icon: preset:*, layer:base
2025-06-13T08:24:21.394195386-06:00 INFO Setting icon: preset:*, layer:numbers
2025-06-13T08:24:21.59303317-06:00 INFO Setting icon: preset:*, layer:base
2025-06-13T08:24:43.623613327-06:00 INFO Setting icon: preset:*, layer:symbols
2025-06-13T08:24:43.999622731-06:00 INFO Setting icon: preset:*, layer:base
2025-06-13T08:24:44.85540512-06:00 INFO Setting icon: preset:*, layer:numbers
2025-06-13T08:24:44.975842104-06:00 INFO Setting icon: preset:*, layer:base
2025-06-13T08:24:56.479439247-06:00 INFO Setting icon: preset:*, layer:symbols
2025-06-13T08:24:56.695674695-06:00 INFO Setting icon: preset:*, layer:base
2025-06-13T08:25:44.683436787-06:00 INFO Setting icon: preset:*, layer:symbols
2025-06-13T08:25:44.78224874-06:00 INFO Setting icon: preset:*, layer:base
2025-06-13T08:25:53.70165803-06:00 INFO Setting icon: preset:*, layer:arrows
2025-06-13T08:25:54.42089566-06:00 INFO Setting icon: preset:*, layer:base
2025-06-13T08:25:56.773215713-06:00 INFO Setting icon: preset:*, layer:symbols
2025-06-13T08:25:56.89004373-06:00 INFO Setting icon: preset:*, layer:base
2025-06-13T08:25:59.533487629-06:00 INFO Setting icon: preset:*, layer:symbols
2025-06-13T08:25:59.752052587-06:00 INFO Setting icon: preset:*, layer:base
2025-06-13T08:26:01.866389171-06:00 INFO Setting icon: preset:*, layer:arrows
2025-06-13T08:26:02.096623025-06:00 INFO Setting icon: preset:*, layer:base
2025-06-13T08:26:03.592943047-06:00 INFO Setting icon: preset:*, layer:arrows
2025-06-13T08:26:03.785398411-06:00 INFO Setting icon: preset:*, layer:base
2025-06-13T08:26:05.864609364-06:00 INFO Setting icon: preset:*, layer:symbols
2025-06-13T08:26:05.92465466-06:00 INFO Setting icon: preset:*, layer:base
2025-06-13T08:26:17.349505789-06:00 INFO Setting icon: preset:*, layer:symbols
2025-06-13T08:26:17.468962277-06:00 INFO Setting icon: preset:*, layer:base
2025-06-13T08:26:31.716086722-06:00 INFO Setting icon: preset:*, layer:symbols
2025-06-13T08:26:31.774154198-06:00 INFO Setting icon: preset:*, layer:base
2025-06-13T08:26:33.64990401-06:00 INFO Setting icon: preset:*, layer:symbols
2025-06-13T08:26:33.782913458-06:00 INFO Setting icon: preset:*, layer:base
2025-06-13T08:26:35.837846333-06:00 INFO Setting icon: preset:*, layer:symbols
2025-06-13T08:26:35.992854826-06:00 INFO Setting icon: preset:*, layer:base
2025-06-13T08:26:39.476435737-06:00 INFO Setting icon: preset:*, layer:symbols
2025-06-13T08:26:39.871883648-06:00 INFO Setting icon: preset:*, layer:base
2025-06-13T08:31:27.064714406-06:00 INFO Setting icon: preset:*, layer:symbols
2025-06-13T08:31:27.219726855-06:00 INFO Setting icon: preset:*, layer:base
2025-06-13T08:31:35.92276985-06:00 INFO Setting icon: preset:*, layer:arrows
2025-06-13T08:31:35.960361443-06:00 INFO Setting icon: preset:*, layer:base
2025-06-13T08:31:59.843788487-06:00 INFO Setting icon: preset:*, layer:numbers
2025-06-13T08:32:00.074730651-06:00 INFO Setting icon: preset:*, layer:base
2025-06-13T08:32:20.388203637-06:00 INFO Setting icon: preset:*, layer:symbols
2025-06-13T08:32:20.540493789-06:00 INFO Setting icon: preset:*, layer:base
2025-06-13T08:32:25.262746466-06:00 INFO Setting icon: preset:*, layer:arrows
2025-06-13T08:32:25.3814201-06:00 INFO Setting icon: preset:*, layer:base
2025-06-13T08:32:27.069980925-06:00 INFO Setting icon: preset:*, layer:arrows
2025-06-13T08:32:27.173722705-06:00 INFO Setting icon: preset:*, layer:base
2025-06-13T08:32:28.446498379-06:00 INFO Setting icon: preset:*, layer:arrows
2025-06-13T08:32:28.612241107-06:00 INFO Setting icon: preset:*, layer:base
2025-06-13T08:32:31.107854497-06:00 INFO Setting icon: preset:*, layer:symbols
2025-06-13T08:32:31.135934496-06:00 INFO Setting icon: preset:*, layer:base
2025-06-13T08:32:32.575779481-06:00 INFO Setting icon: preset:*, layer:symbols
2025-06-13T08:32:32.778123648-06:00 INFO Setting icon: preset:*, layer:base
2025-06-13T08:32:36.208767706-06:00 INFO Setting icon: preset:*, layer:symbols
2025-06-13T08:32:36.377364381-06:00 INFO Setting icon: preset:*, layer:base
2025-06-13T08:32:37.332772979-06:00 INFO Setting icon: preset:*, layer:symbols
2025-06-13T08:32:37.656591129-06:00 INFO Setting icon: preset:*, layer:base
